<?xml version="1.0" encoding="UTF-8"?>
<!-- Generated by org.testng.reporters.JUnitReportReporter -->
<testsuite skipped="0" hostname="SYB-LP-TEST-010" name="imp.NewTest" tests="1" failures="0" timestamp="22 Dec 2017 05:47:45 GMT" time="104.734" errors="0">
  <testcase name="ReadData" time="104.734" classname="imp.NewTest"/>
</testsuite> <!-- imp.NewTest -->
